2025-04-14 21:07:23,171 - INFO - ====== WebDriver manager ======
2025-04-14 21:07:23,171 - INFO - Started scraping thread
2025-04-14 21:07:25,344 - INFO - Get LATEST chromedriver version for google-chrome
2025-04-14 21:07:25,784 - INFO - Get LATEST chromedriver version for google-chrome
2025-04-14 21:07:26,234 - INFO - Driver [C:\Users\DELL\.wdm\drivers\chromedriver\win64\135.0.7049.84\chromedriver-win32/chromedriver.exe] found in cache
2025-04-14 21:07:27,338 - INFO - Initialized new WebDriver instance
2025-04-14 21:07:57,345 - WARNING - Login attempt 1 failed: Message: timeout: Timed out receiving message from renderer: 28.161
  (Session info: chrome=135.0.7049.85)
Stacktrace:
	GetHandleVerifier [0x011E80E3+60707]
	GetHandleVerifier [0x011E8124+60772]
	(No symbol) [0x01010683]
	(No symbol) [0x0100121B]
	(No symbol) [0x01000F51]
	(No symbol) [0x00FFEF30]
	(No symbol) [0x00FFF9ED]
	(No symbol) [0x0100BF79]
	(No symbol) [0x0101D6E5]
	(No symbol) [0x01022F86]
	(No symbol) [0x00FFFFFD]
	(No symbol) [0x0101D43C]
	(No symbol) [0x0109EB40]
	(No symbol) [0x0107CE46]
	(No symbol) [0x0104C5D3]
	(No symbol) [0x0104D424]
	GetHandleVerifier [0x0142BBC3+2435075]
	GetHandleVerifier [0x01427163+2416035]
	GetHandleVerifier [0x0144350C+2531660]
	GetHandleVerifier [0x011FF1B5+155125]
	GetHandleVerifier [0x01205B5D+182173]
	GetHandleVerifier [0x011EF9B8+91640]
	GetHandleVerifier [0x011EFB60+92064]
	GetHandleVerifier [0x011DA620+4704]
	BaseThreadInitThunk [0x75666359+25]
	RtlGetAppContainerNamedObjectPath [0x77D87B74+228]
	RtlGetAppContainerNamedObjectPath [0x77D87B44+180]

2025-04-14 21:08:30,355 - WARNING - Login attempt 2 failed: Message: timeout: Timed out receiving message from renderer: 29.988
  (Session info: chrome=135.0.7049.85)
Stacktrace:
	GetHandleVerifier [0x011E80E3+60707]
	GetHandleVerifier [0x011E8124+60772]
	(No symbol) [0x01010683]
	(No symbol) [0x0100121B]
	(No symbol) [0x01000F51]
	(No symbol) [0x00FFEF30]
	(No symbol) [0x00FFF9ED]
	(No symbol) [0x0100BF79]
	(No symbol) [0x0101D6E5]
	(No symbol) [0x01022F86]
	(No symbol) [0x00FFFFFD]
	(No symbol) [0x0101D43C]
	(No symbol) [0x0109EB40]
	(No symbol) [0x0107CE46]
	(No symbol) [0x0104C5D3]
	(No symbol) [0x0104D424]
	GetHandleVerifier [0x0142BBC3+2435075]
	GetHandleVerifier [0x01427163+2416035]
	GetHandleVerifier [0x0144350C+2531660]
	GetHandleVerifier [0x011FF1B5+155125]
	GetHandleVerifier [0x01205B5D+182173]
	GetHandleVerifier [0x011EF9B8+91640]
	GetHandleVerifier [0x011EFB60+92064]
	GetHandleVerifier [0x011DA620+4704]
	BaseThreadInitThunk [0x75666359+25]
	RtlGetAppContainerNamedObjectPath [0x77D87B74+228]
	RtlGetAppContainerNamedObjectPath [0x77D87B44+180]

2025-04-14 21:09:03,362 - WARNING - Login attempt 3 failed: Message: timeout: Timed out receiving message from renderer: 29.987
  (Session info: chrome=135.0.7049.85)
Stacktrace:
	GetHandleVerifier [0x011E80E3+60707]
	GetHandleVerifier [0x011E8124+60772]
	(No symbol) [0x01010683]
	(No symbol) [0x0100121B]
	(No symbol) [0x01000F51]
	(No symbol) [0x00FFEF30]
	(No symbol) [0x00FFF9ED]
	(No symbol) [0x0100BF79]
	(No symbol) [0x0101D6E5]
	(No symbol) [0x01022F86]
	(No symbol) [0x00FFFFFD]
	(No symbol) [0x0101D43C]
	(No symbol) [0x0109EB40]
	(No symbol) [0x0107CE46]
	(No symbol) [0x0104C5D3]
	(No symbol) [0x0104D424]
	GetHandleVerifier [0x0142BBC3+2435075]
	GetHandleVerifier [0x01427163+2416035]
	GetHandleVerifier [0x0144350C+2531660]
	GetHandleVerifier [0x011FF1B5+155125]
	GetHandleVerifier [0x01205B5D+182173]
	GetHandleVerifier [0x011EF9B8+91640]
	GetHandleVerifier [0x011EFB60+92064]
	GetHandleVerifier [0x011DA620+4704]
	BaseThreadInitThunk [0x75666359+25]
	RtlGetAppContainerNamedObjectPath [0x77D87B74+228]
	RtlGetAppContainerNamedObjectPath [0x77D87B44+180]

2025-04-14 21:09:06,363 - WARNING - Login failed after multiple attempts
2025-04-14 21:09:18,714 - INFO - ====== WebDriver manager ======
2025-04-14 21:09:20,870 - INFO - Get LATEST chromedriver version for google-chrome
2025-04-14 21:09:21,290 - INFO - Get LATEST chromedriver version for google-chrome
2025-04-14 21:09:21,720 - INFO - Driver [C:\Users\DELL\.wdm\drivers\chromedriver\win64\135.0.7049.84\chromedriver-win32/chromedriver.exe] found in cache
2025-04-14 21:09:22,811 - INFO - Initialized new WebDriver instance
2025-04-14 21:09:52,818 - WARNING - Login attempt 1 failed: Message: timeout: Timed out receiving message from renderer: 29.053
  (Session info: chrome=135.0.7049.85)
Stacktrace:
	GetHandleVerifier [0x011E80E3+60707]
	GetHandleVerifier [0x011E8124+60772]
	(No symbol) [0x01010683]
	(No symbol) [0x0100121B]
	(No symbol) [0x01000F51]
	(No symbol) [0x00FFEF30]
	(No symbol) [0x00FFF9ED]
	(No symbol) [0x0100BF79]
	(No symbol) [0x0101D6E5]
	(No symbol) [0x01022F86]
	(No symbol) [0x00FFFFFD]
	(No symbol) [0x0101D43C]
	(No symbol) [0x0109EB40]
	(No symbol) [0x0107CE46]
	(No symbol) [0x0104C5D3]
	(No symbol) [0x0104D424]
	GetHandleVerifier [0x0142BBC3+2435075]
	GetHandleVerifier [0x01427163+2416035]
	GetHandleVerifier [0x0144350C+2531660]
	GetHandleVerifier [0x011FF1B5+155125]
	GetHandleVerifier [0x01205B5D+182173]
	GetHandleVerifier [0x011EF9B8+91640]
	GetHandleVerifier [0x011EFB60+92064]
	GetHandleVerifier [0x011DA620+4704]
	BaseThreadInitThunk [0x75666359+25]
	RtlGetAppContainerNamedObjectPath [0x77D87B74+228]
	RtlGetAppContainerNamedObjectPath [0x77D87B44+180]

2025-04-14 21:10:25,824 - WARNING - Login attempt 2 failed: Message: timeout: Timed out receiving message from renderer: 29.982
  (Session info: chrome=135.0.7049.85)
Stacktrace:
	GetHandleVerifier [0x011E80E3+60707]
	GetHandleVerifier [0x011E8124+60772]
	(No symbol) [0x01010683]
	(No symbol) [0x0100121B]
	(No symbol) [0x01000F51]
	(No symbol) [0x00FFEF30]
	(No symbol) [0x00FFF9ED]
	(No symbol) [0x0100BF79]
	(No symbol) [0x0101D6E5]
	(No symbol) [0x01022F86]
	(No symbol) [0x00FFFFFD]
	(No symbol) [0x0101D43C]
	(No symbol) [0x0109EB40]
	(No symbol) [0x0107CE46]
	(No symbol) [0x0104C5D3]
	(No symbol) [0x0104D424]
	GetHandleVerifier [0x0142BBC3+2435075]
	GetHandleVerifier [0x01427163+2416035]
	GetHandleVerifier [0x0144350C+2531660]
	GetHandleVerifier [0x011FF1B5+155125]
	GetHandleVerifier [0x01205B5D+182173]
	GetHandleVerifier [0x011EF9B8+91640]
	GetHandleVerifier [0x011EFB60+92064]
	GetHandleVerifier [0x011DA620+4704]
	BaseThreadInitThunk [0x75666359+25]
	RtlGetAppContainerNamedObjectPath [0x77D87B74+228]
	RtlGetAppContainerNamedObjectPath [0x77D87B44+180]

2025-04-14 21:10:58,832 - WARNING - Login attempt 3 failed: Message: timeout: Timed out receiving message from renderer: 29.994
  (Session info: chrome=135.0.7049.85)
Stacktrace:
	GetHandleVerifier [0x011E80E3+60707]
	GetHandleVerifier [0x011E8124+60772]
	(No symbol) [0x01010683]
	(No symbol) [0x0100121B]
	(No symbol) [0x01000F51]
	(No symbol) [0x00FFEF30]
	(No symbol) [0x00FFF9ED]
	(No symbol) [0x0100BF79]
	(No symbol) [0x0101D6E5]
	(No symbol) [0x01022F86]
	(No symbol) [0x00FFFFFD]
	(No symbol) [0x0101D43C]
	(No symbol) [0x0109EB40]
	(No symbol) [0x0107CE46]
	(No symbol) [0x0104C5D3]
	(No symbol) [0x0104D424]
	GetHandleVerifier [0x0142BBC3+2435075]
	GetHandleVerifier [0x01427163+2416035]
	GetHandleVerifier [0x0144350C+2531660]
	GetHandleVerifier [0x011FF1B5+155125]
	GetHandleVerifier [0x01205B5D+182173]
	GetHandleVerifier [0x011EF9B8+91640]
	GetHandleVerifier [0x011EFB60+92064]
	GetHandleVerifier [0x011DA620+4704]
	BaseThreadInitThunk [0x75666359+25]
	RtlGetAppContainerNamedObjectPath [0x77D87B74+228]
	RtlGetAppContainerNamedObjectPath [0x77D87B44+180]

2025-04-14 21:11:01,834 - WARNING - Login failed after multiple attempts
2025-04-14 21:11:14,161 - INFO - ====== WebDriver manager ======
2025-04-14 21:11:16,313 - INFO - Get LATEST chromedriver version for google-chrome
2025-04-14 21:11:16,910 - INFO - Get LATEST chromedriver version for google-chrome
2025-04-14 21:11:17,459 - INFO - Driver [C:\Users\DELL\.wdm\drivers\chromedriver\win64\135.0.7049.84\chromedriver-win32/chromedriver.exe] found in cache
2025-04-14 21:11:18,593 - INFO - Initialized new WebDriver instance
2025-04-14 21:11:48,599 - WARNING - Login attempt 1 failed: Message: timeout: Timed out receiving message from renderer: 28.852
  (Session info: chrome=135.0.7049.85)
Stacktrace:
	GetHandleVerifier [0x011E80E3+60707]
	GetHandleVerifier [0x011E8124+60772]
	(No symbol) [0x01010683]
	(No symbol) [0x0100121B]
	(No symbol) [0x01000F51]
	(No symbol) [0x00FFEF30]
	(No symbol) [0x00FFF9ED]
	(No symbol) [0x0100BF79]
	(No symbol) [0x0101D6E5]
	(No symbol) [0x01022F86]
	(No symbol) [0x00FFFFFD]
	(No symbol) [0x0101D43C]
	(No symbol) [0x0109EB40]
	(No symbol) [0x0107CE46]
	(No symbol) [0x0104C5D3]
	(No symbol) [0x0104D424]
	GetHandleVerifier [0x0142BBC3+2435075]
	GetHandleVerifier [0x01427163+2416035]
	GetHandleVerifier [0x0144350C+2531660]
	GetHandleVerifier [0x011FF1B5+155125]
	GetHandleVerifier [0x01205B5D+182173]
	GetHandleVerifier [0x011EF9B8+91640]
	GetHandleVerifier [0x011EFB60+92064]
	GetHandleVerifier [0x011DA620+4704]
	BaseThreadInitThunk [0x75666359+25]
	RtlGetAppContainerNamedObjectPath [0x77D87B74+228]
	RtlGetAppContainerNamedObjectPath [0x77D87B44+180]

2025-04-14 21:12:21,605 - WARNING - Login attempt 2 failed: Message: timeout: Timed out receiving message from renderer: 29.986
  (Session info: chrome=135.0.7049.85)
Stacktrace:
	GetHandleVerifier [0x011E80E3+60707]
	GetHandleVerifier [0x011E8124+60772]
	(No symbol) [0x01010683]
	(No symbol) [0x0100121B]
	(No symbol) [0x01000F51]
	(No symbol) [0x00FFEF30]
	(No symbol) [0x00FFF9ED]
	(No symbol) [0x0100BF79]
	(No symbol) [0x0101D6E5]
	(No symbol) [0x01022F86]
	(No symbol) [0x00FFFFFD]
	(No symbol) [0x0101D43C]
	(No symbol) [0x0109EB40]
	(No symbol) [0x0107CE46]
	(No symbol) [0x0104C5D3]
	(No symbol) [0x0104D424]
	GetHandleVerifier [0x0142BBC3+2435075]
	GetHandleVerifier [0x01427163+2416035]
	GetHandleVerifier [0x0144350C+2531660]
	GetHandleVerifier [0x011FF1B5+155125]
	GetHandleVerifier [0x01205B5D+182173]
	GetHandleVerifier [0x011EF9B8+91640]
	GetHandleVerifier [0x011EFB60+92064]
	GetHandleVerifier [0x011DA620+4704]
	BaseThreadInitThunk [0x75666359+25]
	RtlGetAppContainerNamedObjectPath [0x77D87B74+228]
	RtlGetAppContainerNamedObjectPath [0x77D87B44+180]

2025-04-14 21:12:54,609 - WARNING - Login attempt 3 failed: Message: timeout: Timed out receiving message from renderer: 29.985
  (Session info: chrome=135.0.7049.85)
Stacktrace:
	GetHandleVerifier [0x011E80E3+60707]
	GetHandleVerifier [0x011E8124+60772]
	(No symbol) [0x01010683]
	(No symbol) [0x0100121B]
	(No symbol) [0x01000F51]
	(No symbol) [0x00FFEF30]
	(No symbol) [0x00FFF9ED]
	(No symbol) [0x0100BF79]
	(No symbol) [0x0101D6E5]
	(No symbol) [0x01022F86]
	(No symbol) [0x00FFFFFD]
	(No symbol) [0x0101D43C]
	(No symbol) [0x0109EB40]
	(No symbol) [0x0107CE46]
	(No symbol) [0x0104C5D3]
	(No symbol) [0x0104D424]
	GetHandleVerifier [0x0142BBC3+2435075]
	GetHandleVerifier [0x01427163+2416035]
	GetHandleVerifier [0x0144350C+2531660]
	GetHandleVerifier [0x011FF1B5+155125]
	GetHandleVerifier [0x01205B5D+182173]
	GetHandleVerifier [0x011EF9B8+91640]
	GetHandleVerifier [0x011EFB60+92064]
	GetHandleVerifier [0x011DA620+4704]
	BaseThreadInitThunk [0x75666359+25]
	RtlGetAppContainerNamedObjectPath [0x77D87B74+228]
	RtlGetAppContainerNamedObjectPath [0x77D87B44+180]

2025-04-14 21:12:57,610 - WARNING - Login failed after multiple attempts
2025-04-14 21:13:09,943 - INFO - ====== WebDriver manager ======
2025-04-14 21:13:12,119 - INFO - Get LATEST chromedriver version for google-chrome
2025-04-14 21:13:12,915 - INFO - Get LATEST chromedriver version for google-chrome
2025-04-14 21:13:14,800 - INFO - Driver [C:\Users\DELL\.wdm\drivers\chromedriver\win64\135.0.7049.84\chromedriver-win32/chromedriver.exe] found in cache
2025-04-14 21:13:16,136 - INFO - Initialized new WebDriver instance
2025-04-14 21:13:46,139 - WARNING - Login attempt 1 failed: Message: timeout: Timed out receiving message from renderer: 27.472
  (Session info: chrome=135.0.7049.85)
Stacktrace:
	GetHandleVerifier [0x011E80E3+60707]
	GetHandleVerifier [0x011E8124+60772]
	(No symbol) [0x01010683]
	(No symbol) [0x0100121B]
	(No symbol) [0x01000F51]
	(No symbol) [0x00FFEF30]
	(No symbol) [0x00FFF9ED]
	(No symbol) [0x0100BF79]
	(No symbol) [0x0101D6E5]
	(No symbol) [0x01022F86]
	(No symbol) [0x00FFFFFD]
	(No symbol) [0x0101D43C]
	(No symbol) [0x0109EB40]
	(No symbol) [0x0107CE46]
	(No symbol) [0x0104C5D3]
	(No symbol) [0x0104D424]
	GetHandleVerifier [0x0142BBC3+2435075]
	GetHandleVerifier [0x01427163+2416035]
	GetHandleVerifier [0x0144350C+2531660]
	GetHandleVerifier [0x011FF1B5+155125]
	GetHandleVerifier [0x01205B5D+182173]
	GetHandleVerifier [0x011EF9B8+91640]
	GetHandleVerifier [0x011EFB60+92064]
	GetHandleVerifier [0x011DA620+4704]
	BaseThreadInitThunk [0x75666359+25]
	RtlGetAppContainerNamedObjectPath [0x77D87B74+228]
	RtlGetAppContainerNamedObjectPath [0x77D87B44+180]

2025-04-14 21:14:19,145 - WARNING - Login attempt 2 failed: Message: timeout: Timed out receiving message from renderer: 29.989
  (Session info: chrome=135.0.7049.85)
Stacktrace:
	GetHandleVerifier [0x011E80E3+60707]
	GetHandleVerifier [0x011E8124+60772]
	(No symbol) [0x01010683]
	(No symbol) [0x0100121B]
	(No symbol) [0x01000F51]
	(No symbol) [0x00FFEF30]
	(No symbol) [0x00FFF9ED]
	(No symbol) [0x0100BF79]
	(No symbol) [0x0101D6E5]
	(No symbol) [0x01022F86]
	(No symbol) [0x00FFFFFD]
	(No symbol) [0x0101D43C]
	(No symbol) [0x0109EB40]
	(No symbol) [0x0107CE46]
	(No symbol) [0x0104C5D3]
	(No symbol) [0x0104D424]
	GetHandleVerifier [0x0142BBC3+2435075]
	GetHandleVerifier [0x01427163+2416035]
	GetHandleVerifier [0x0144350C+2531660]
	GetHandleVerifier [0x011FF1B5+155125]
	GetHandleVerifier [0x01205B5D+182173]
	GetHandleVerifier [0x011EF9B8+91640]
	GetHandleVerifier [0x011EFB60+92064]
	GetHandleVerifier [0x011DA620+4704]
	BaseThreadInitThunk [0x75666359+25]
	RtlGetAppContainerNamedObjectPath [0x77D87B74+228]
	RtlGetAppContainerNamedObjectPath [0x77D87B44+180]

2025-04-14 21:14:52,149 - WARNING - Login attempt 3 failed: Message: timeout: Timed out receiving message from renderer: 29.990
  (Session info: chrome=135.0.7049.85)
Stacktrace:
	GetHandleVerifier [0x011E80E3+60707]
	GetHandleVerifier [0x011E8124+60772]
	(No symbol) [0x01010683]
	(No symbol) [0x0100121B]
	(No symbol) [0x01000F51]
	(No symbol) [0x00FFEF30]
	(No symbol) [0x00FFF9ED]
	(No symbol) [0x0100BF79]
	(No symbol) [0x0101D6E5]
	(No symbol) [0x01022F86]
	(No symbol) [0x00FFFFFD]
	(No symbol) [0x0101D43C]
	(No symbol) [0x0109EB40]
	(No symbol) [0x0107CE46]
	(No symbol) [0x0104C5D3]
	(No symbol) [0x0104D424]
	GetHandleVerifier [0x0142BBC3+2435075]
	GetHandleVerifier [0x01427163+2416035]
	GetHandleVerifier [0x0144350C+2531660]
	GetHandleVerifier [0x011FF1B5+155125]
	GetHandleVerifier [0x01205B5D+182173]
	GetHandleVerifier [0x011EF9B8+91640]
	GetHandleVerifier [0x011EFB60+92064]
	GetHandleVerifier [0x011DA620+4704]
	BaseThreadInitThunk [0x75666359+25]
	RtlGetAppContainerNamedObjectPath [0x77D87B74+228]
	RtlGetAppContainerNamedObjectPath [0x77D87B44+180]

2025-04-14 21:14:55,150 - WARNING - Login failed after multiple attempts
2025-04-14 21:15:07,434 - INFO - ====== WebDriver manager ======
2025-04-14 21:15:10,083 - INFO - Get LATEST chromedriver version for google-chrome
2025-04-14 21:15:10,640 - INFO - Get LATEST chromedriver version for google-chrome
2025-04-14 21:15:11,187 - INFO - Driver [C:\Users\DELL\.wdm\drivers\chromedriver\win64\135.0.7049.84\chromedriver-win32/chromedriver.exe] found in cache
2025-04-14 21:15:12,352 - INFO - Initialized new WebDriver instance
2025-04-14 21:15:42,356 - WARNING - Login attempt 1 failed: Message: timeout: Timed out receiving message from renderer: 28.887
  (Session info: chrome=135.0.7049.85)
Stacktrace:
	GetHandleVerifier [0x011E80E3+60707]
	GetHandleVerifier [0x011E8124+60772]
	(No symbol) [0x01010683]
	(No symbol) [0x0100121B]
	(No symbol) [0x01000F51]
	(No symbol) [0x00FFEF30]
	(No symbol) [0x00FFF9ED]
	(No symbol) [0x0100BF79]
	(No symbol) [0x0101D6E5]
	(No symbol) [0x01022F86]
	(No symbol) [0x00FFFFFD]
	(No symbol) [0x0101D43C]
	(No symbol) [0x0109EB40]
	(No symbol) [0x0107CE46]
	(No symbol) [0x0104C5D3]
	(No symbol) [0x0104D424]
	GetHandleVerifier [0x0142BBC3+2435075]
	GetHandleVerifier [0x01427163+2416035]
	GetHandleVerifier [0x0144350C+2531660]
	GetHandleVerifier [0x011FF1B5+155125]
	GetHandleVerifier [0x01205B5D+182173]
	GetHandleVerifier [0x011EF9B8+91640]
	GetHandleVerifier [0x011EFB60+92064]
	GetHandleVerifier [0x011DA620+4704]
	BaseThreadInitThunk [0x75666359+25]
	RtlGetAppContainerNamedObjectPath [0x77D87B74+228]
	RtlGetAppContainerNamedObjectPath [0x77D87B44+180]

2025-04-14 21:16:15,364 - WARNING - Login attempt 2 failed: Message: timeout: Timed out receiving message from renderer: 29.988
  (Session info: chrome=135.0.7049.85)
Stacktrace:
	GetHandleVerifier [0x011E80E3+60707]
	GetHandleVerifier [0x011E8124+60772]
	(No symbol) [0x01010683]
	(No symbol) [0x0100121B]
	(No symbol) [0x01000F51]
	(No symbol) [0x00FFEF30]
	(No symbol) [0x00FFF9ED]
	(No symbol) [0x0100BF79]
	(No symbol) [0x0101D6E5]
	(No symbol) [0x01022F86]
	(No symbol) [0x00FFFFFD]
	(No symbol) [0x0101D43C]
	(No symbol) [0x0109EB40]
	(No symbol) [0x0107CE46]
	(No symbol) [0x0104C5D3]
	(No symbol) [0x0104D424]
	GetHandleVerifier [0x0142BBC3+2435075]
	GetHandleVerifier [0x01427163+2416035]
	GetHandleVerifier [0x0144350C+2531660]
	GetHandleVerifier [0x011FF1B5+155125]
	GetHandleVerifier [0x01205B5D+182173]
	GetHandleVerifier [0x011EF9B8+91640]
	GetHandleVerifier [0x011EFB60+92064]
	GetHandleVerifier [0x011DA620+4704]
	BaseThreadInitThunk [0x75666359+25]
	RtlGetAppContainerNamedObjectPath [0x77D87B74+228]
	RtlGetAppContainerNamedObjectPath [0x77D87B44+180]

2025-04-14 21:16:48,372 - WARNING - Login attempt 3 failed: Message: timeout: Timed out receiving message from renderer: 29.987
  (Session info: chrome=135.0.7049.85)
Stacktrace:
	GetHandleVerifier [0x011E80E3+60707]
	GetHandleVerifier [0x011E8124+60772]
	(No symbol) [0x01010683]
	(No symbol) [0x0100121B]
	(No symbol) [0x01000F51]
	(No symbol) [0x00FFEF30]
	(No symbol) [0x00FFF9ED]
	(No symbol) [0x0100BF79]
	(No symbol) [0x0101D6E5]
	(No symbol) [0x01022F86]
	(No symbol) [0x00FFFFFD]
	(No symbol) [0x0101D43C]
	(No symbol) [0x0109EB40]
	(No symbol) [0x0107CE46]
	(No symbol) [0x0104C5D3]
	(No symbol) [0x0104D424]
	GetHandleVerifier [0x0142BBC3+2435075]
	GetHandleVerifier [0x01427163+2416035]
	GetHandleVerifier [0x0144350C+2531660]
	GetHandleVerifier [0x011FF1B5+155125]
	GetHandleVerifier [0x01205B5D+182173]
	GetHandleVerifier [0x011EF9B8+91640]
	GetHandleVerifier [0x011EFB60+92064]
	GetHandleVerifier [0x011DA620+4704]
	BaseThreadInitThunk [0x75666359+25]
	RtlGetAppContainerNamedObjectPath [0x77D87B74+228]
	RtlGetAppContainerNamedObjectPath [0x77D87B44+180]

2025-04-14 21:16:51,374 - WARNING - Login failed after multiple attempts
2025-04-14 21:17:03,648 - INFO - ====== WebDriver manager ======
2025-04-14 21:17:05,840 - INFO - Get LATEST chromedriver version for google-chrome
2025-04-14 21:17:06,277 - INFO - Get LATEST chromedriver version for google-chrome
2025-04-14 21:17:06,799 - INFO - Driver [C:\Users\DELL\.wdm\drivers\chromedriver\win64\135.0.7049.84\chromedriver-win32/chromedriver.exe] found in cache
2025-04-14 21:17:07,969 - INFO - Initialized new WebDriver instance
2025-04-14 21:17:29,045 - WARNING - Login attempt 1 failed: ('Connection aborted.', ConnectionResetError(10054, 'An existing connection was forcibly closed by the remote host', None, 10054, None))
